<?xml version="1.0" encoding="UTF-8"?>
<!-- Generated by org.testng.reporters.JUnitReportReporter -->
<testsuite hostname="myth-VAIO" name="Scripts.ValidLoginLogoutTest" tests="1" failures="0" timestamp="15 May 2016 10:43:42 GMT" time="2.126" errors="0">
  <testcase name="validLoginLogoutTest" time="2.126" classname="Scripts.ValidLoginLogoutTest"/>
</testsuite> <!-- Scripts.ValidLoginLogoutTest -->
